2023-12-08T12:39:09.400+05:45  INFO 12964 --- [Web Socket Application] [main] c.w.websocket.WebsocketApplication       : Starting WebsocketApplication using Java 17.0.8.1 with PID 12964 (D:\CODE\JAVA\SPRING BOOT\websocket\target\classes started by iambstha in D:\CODE\JAVA\SPRING BOOT\websocket)
2023-12-08T12:39:09.407+05:45  INFO 12964 --- [Web Socket Application] [main] c.w.websocket.WebsocketApplication       : No active profile set, falling back to 1 default profile: "default"
2023-12-08T12:39:13.557+05:45  INFO 12964 --- [Web Socket Application] [main] .s.d.r.c.RepositoryConfigurationDelegate : Multiple Spring Data modules found, entering strict repository configuration mode
2023-12-08T12:39:13.565+05:45  INFO 12964 --- [Web Socket Application] [main] .s.d.r.c.RepositoryConfigurationDelegate : Bootstrapping Spring Data JDBC repositories in DEFAULT mode.
2023-12-08T12:39:13.686+05:45  INFO 12964 --- [Web Socket Application] [main] .RepositoryConfigurationExtensionSupport : Spring Data JDBC - Could not safely identify store assignment for repository candidate interface com.websocketL.websocket.repository.WebSocketRepository; If you want this repository to be a JDBC repository, consider annotating your entities with one of these annotations: org.springframework.data.relational.core.mapping.Table.
2023-12-08T12:39:13.689+05:45  INFO 12964 --- [Web Socket Application] [main] .s.d.r.c.RepositoryConfigurationDelegate : Finished Spring Data repository scanning in 102 ms. Found 0 JDBC repository interfaces.
2023-12-08T12:39:13.740+05:45  INFO 12964 --- [Web Socket Application] [main] .s.d.r.c.RepositoryConfigurationDelegate : Multiple Spring Data modules found, entering strict repository configuration mode
2023-12-08T12:39:13.745+05:45  INFO 12964 --- [Web Socket Application] [main] .s.d.r.c.RepositoryConfigurationDelegate : Bootstrapping Spring Data JPA repositories in DEFAULT mode.
2023-12-08T12:39:13.881+05:45  INFO 12964 --- [Web Socket Application] [main] .s.d.r.c.RepositoryConfigurationDelegate : Finished Spring Data repository scanning in 103 ms. Found 1 JPA repository interface.
2023-12-08T12:39:16.849+05:45  INFO 12964 --- [Web Socket Application] [main] o.s.b.w.embedded.tomcat.TomcatWebServer  : Tomcat initialized with port 8080 (http)
2023-12-08T12:39:16.874+05:45  INFO 12964 --- [Web Socket Application] [main] o.apache.catalina.core.StandardService   : Starting service [Tomcat]
2023-12-08T12:39:16.874+05:45  INFO 12964 --- [Web Socket Application] [main] o.apache.catalina.core.StandardEngine    : Starting Servlet engine: [Apache Tomcat/10.1.16]
2023-12-08T12:39:17.177+05:45  INFO 12964 --- [Web Socket Application] [main] o.a.c.c.C.[Tomcat].[localhost].[/]       : Initializing Spring embedded WebApplicationContext
2023-12-08T12:39:17.178+05:45  INFO 12964 --- [Web Socket Application] [main] w.s.c.ServletWebServerApplicationContext : Root WebApplicationContext: initialization completed in 7567 ms
2023-12-08T12:39:21.184+05:45  INFO 12964 --- [Web Socket Application] [main] o.s.o.j.p.SpringPersistenceUnitInfo      : No LoadTimeWeaver setup: ignoring JPA class transformer
2023-12-08T12:39:21.273+05:45  INFO 12964 --- [Web Socket Application] [main] com.zaxxer.hikari.HikariDataSource       : HikariPool-1 - Starting...
2023-12-08T12:39:21.886+05:45  INFO 12964 --- [Web Socket Application] [main] com.zaxxer.hikari.pool.HikariPool        : HikariPool-1 - Added connection org.postgresql.jdbc.PgConnection@5f45bc8e
2023-12-08T12:39:21.897+05:45  INFO 12964 --- [Web Socket Application] [main] com.zaxxer.hikari.HikariDataSource       : HikariPool-1 - Start completed.
2023-12-08T12:39:25.299+05:45  INFO 12964 --- [Web Socket Application] [main] j.LocalContainerEntityManagerFactoryBean : Initialized JPA EntityManagerFactory for persistence unit 'default'
2023-12-08T12:39:25.983+05:45 DEBUG 12964 --- [Web Socket Application] [main] o.s.w.s.s.s.WebSocketHandlerMapping      : Patterns [/bishal] in 'webSocketHandlerMapping'
2023-12-08T12:39:26.127+05:45  WARN 12964 --- [Web Socket Application] [main] JpaBaseConfiguration$JpaWebConfiguration : spring.jpa.open-in-view is enabled by default. Therefore, database queries may be performed during view rendering. Explicitly configure spring.jpa.open-in-view to disable this warning
2023-12-08T12:39:26.349+05:45 DEBUG 12964 --- [Web Socket Application] [main] s.w.s.m.m.a.RequestMappingHandlerMapping : 3 mappings in 'requestMappingHandlerMapping'
2023-12-08T12:39:26.555+05:45 DEBUG 12964 --- [Web Socket Application] [main] o.s.w.s.handler.SimpleUrlHandlerMapping  : Patterns [/webjars/**, /**] in 'resourceHandlerMapping'
2023-12-08T12:39:26.665+05:45 DEBUG 12964 --- [Web Socket Application] [main] s.w.s.m.m.a.RequestMappingHandlerAdapter : ControllerAdvice beans: 0 @ModelAttribute, 0 @InitBinder, 1 RequestBodyAdvice, 1 ResponseBodyAdvice
2023-12-08T12:39:26.759+05:45 DEBUG 12964 --- [Web Socket Application] [main] .m.m.a.ExceptionHandlerExceptionResolver : ControllerAdvice beans: 0 @ExceptionHandler, 1 ResponseBodyAdvice
2023-12-08T12:39:27.245+05:45  WARN 12964 --- [Web Socket Application] [main] .s.s.UserDetailsServiceAutoConfiguration : 

Using generated security password: bd8a69a2-f834-498d-b2ce-fc6edebac1ef

This generated password is for development use only. Your security configuration must be updated before running your application in production.

2023-12-08T12:39:27.655+05:45  INFO 12964 --- [Web Socket Application] [main] o.s.s.web.DefaultSecurityFilterChain     : Will secure any request with [org.springframework.security.web.session.DisableEncodeUrlFilter@53cb9b1, org.springframework.security.web.context.request.async.WebAsyncManagerIntegrationFilter@c2191a8, org.springframework.security.web.context.SecurityContextHolderFilter@37823482, org.springframework.security.web.header.HeaderWriterFilter@4e8b36af, org.springframework.web.filter.CorsFilter@61e34bec, org.springframework.security.web.csrf.CsrfFilter@81a56b2, org.springframework.security.web.authentication.logout.LogoutFilter@753c7411, org.springframework.security.web.authentication.UsernamePasswordAuthenticationFilter@1a1dd8eb, org.springframework.security.web.authentication.ui.DefaultLoginPageGeneratingFilter@69346100, org.springframework.security.web.authentication.ui.DefaultLogoutPageGeneratingFilter@3305897c, org.springframework.security.web.authentication.www.BasicAuthenticationFilter@cf0bc92, org.springframework.security.web.savedrequest.RequestCacheAwareFilter@1f4b8027, org.springframework.security.web.servletapi.SecurityContextHolderAwareRequestFilter@501b15b9, org.springframework.security.web.authentication.AnonymousAuthenticationFilter@53945f9c, org.springframework.security.web.access.ExceptionTranslationFilter@4c31b6c2, org.springframework.security.web.access.intercept.AuthorizationFilter@5c20841d]
2023-12-08T12:39:28.001+05:45  INFO 12964 --- [Web Socket Application] [main] o.s.b.w.embedded.tomcat.TomcatWebServer  : Tomcat started on port 8080 (http) with context path ''
2023-12-08T12:39:28.036+05:45  INFO 12964 --- [Web Socket Application] [main] c.w.websocket.WebsocketApplication       : Started WebsocketApplication in 20.428 seconds (process running for 21.788)
2023-12-08T12:40:53.516+05:45  INFO 12964 --- [Web Socket Application] [http-nio-8080-exec-1] o.a.c.c.C.[Tomcat].[localhost].[/]       : Initializing Spring DispatcherServlet 'dispatcherServlet'
2023-12-08T12:40:53.519+05:45  INFO 12964 --- [Web Socket Application] [http-nio-8080-exec-1] o.s.web.servlet.DispatcherServlet        : Initializing Servlet 'dispatcherServlet'
2023-12-08T12:40:53.522+05:45 DEBUG 12964 --- [Web Socket Application] [http-nio-8080-exec-1] o.s.web.servlet.DispatcherServlet        : Detected StandardServletMultipartResolver
2023-12-08T12:40:53.522+05:45 DEBUG 12964 --- [Web Socket Application] [http-nio-8080-exec-1] o.s.web.servlet.DispatcherServlet        : Detected AcceptHeaderLocaleResolver
2023-12-08T12:40:53.522+05:45 DEBUG 12964 --- [Web Socket Application] [http-nio-8080-exec-1] o.s.web.servlet.DispatcherServlet        : Detected FixedThemeResolver
2023-12-08T12:40:53.538+05:45 DEBUG 12964 --- [Web Socket Application] [http-nio-8080-exec-1] o.s.web.servlet.DispatcherServlet        : Detected org.springframework.web.servlet.view.DefaultRequestToViewNameTranslator@3dbf3bc
2023-12-08T12:40:53.542+05:45 DEBUG 12964 --- [Web Socket Application] [http-nio-8080-exec-1] o.s.web.servlet.DispatcherServlet        : Detected org.springframework.web.servlet.support.SessionFlashMapManager@4027edeb
2023-12-08T12:40:53.544+05:45 DEBUG 12964 --- [Web Socket Application] [http-nio-8080-exec-1] o.s.web.servlet.DispatcherServlet        : enableLoggingRequestDetails='false': request parameters and headers will be masked to prevent unsafe logging of potentially sensitive data
2023-12-08T12:40:53.544+05:45  INFO 12964 --- [Web Socket Application] [http-nio-8080-exec-1] o.s.web.servlet.DispatcherServlet        : Completed initialization in 24 ms
2023-12-08T12:40:53.613+05:45  WARN 12964 --- [Web Socket Application] [http-nio-8080-exec-1] o.s.w.s.h.HandlerMappingIntrospector     : Cache miss for REQUEST dispatch to '/api' (previous null). Performing CorsConfiguration lookup. This is logged once only at WARN level, and every time at TRACE.
2023-12-08T12:40:54.063+05:45  WARN 12964 --- [Web Socket Application] [http-nio-8080-exec-1] o.a.c.util.SessionIdGeneratorBase        : Creation of SecureRandom instance for session ID generation using [SHA1PRNG] took [303] milliseconds.
2023-12-08T12:43:27.452+05:45  INFO 13012 --- [Web Socket Application] [main] c.w.websocket.WebsocketApplication       : Starting WebsocketApplication using Java 17.0.8.1 with PID 13012 (D:\CODE\JAVA\SPRING BOOT\websocket\target\classes started by iambstha in D:\CODE\JAVA\SPRING BOOT\websocket)
2023-12-08T12:43:27.463+05:45  INFO 13012 --- [Web Socket Application] [main] c.w.websocket.WebsocketApplication       : No active profile set, falling back to 1 default profile: "default"
2023-12-08T12:43:30.383+05:45  INFO 13012 --- [Web Socket Application] [main] .s.d.r.c.RepositoryConfigurationDelegate : Multiple Spring Data modules found, entering strict repository configuration mode
2023-12-08T12:43:30.395+05:45  INFO 13012 --- [Web Socket Application] [main] .s.d.r.c.RepositoryConfigurationDelegate : Bootstrapping Spring Data JDBC repositories in DEFAULT mode.
2023-12-08T12:43:30.599+05:45  INFO 13012 --- [Web Socket Application] [main] .RepositoryConfigurationExtensionSupport : Spring Data JDBC - Could not safely identify store assignment for repository candidate interface com.websocketL.websocket.repository.WebSocketRepository; If you want this repository to be a JDBC repository, consider annotating your entities with one of these annotations: org.springframework.data.relational.core.mapping.Table.
2023-12-08T12:43:30.601+05:45  INFO 13012 --- [Web Socket Application] [main] .s.d.r.c.RepositoryConfigurationDelegate : Finished Spring Data repository scanning in 174 ms. Found 0 JDBC repository interfaces.
2023-12-08T12:43:30.646+05:45  INFO 13012 --- [Web Socket Application] [main] .s.d.r.c.RepositoryConfigurationDelegate : Multiple Spring Data modules found, entering strict repository configuration mode
2023-12-08T12:43:30.649+05:45  INFO 13012 --- [Web Socket Application] [main] .s.d.r.c.RepositoryConfigurationDelegate : Bootstrapping Spring Data JPA repositories in DEFAULT mode.
2023-12-08T12:43:30.856+05:45  INFO 13012 --- [Web Socket Application] [main] .s.d.r.c.RepositoryConfigurationDelegate : Finished Spring Data repository scanning in 164 ms. Found 1 JPA repository interface.
2023-12-08T12:43:33.175+05:45  INFO 13012 --- [Web Socket Application] [main] o.s.b.w.embedded.tomcat.TomcatWebServer  : Tomcat initialized with port 8080 (http)
2023-12-08T12:43:33.206+05:45  INFO 13012 --- [Web Socket Application] [main] o.apache.catalina.core.StandardService   : Starting service [Tomcat]
2023-12-08T12:43:33.207+05:45  INFO 13012 --- [Web Socket Application] [main] o.apache.catalina.core.StandardEngine    : Starting Servlet engine: [Apache Tomcat/10.1.16]
2023-12-08T12:43:33.569+05:45  INFO 13012 --- [Web Socket Application] [main] o.a.c.c.C.[Tomcat].[localhost].[/]       : Initializing Spring embedded WebApplicationContext
2023-12-08T12:43:33.573+05:45  INFO 13012 --- [Web Socket Application] [main] w.s.c.ServletWebServerApplicationContext : Root WebApplicationContext: initialization completed in 5931 ms
2023-12-08T12:43:35.468+05:45  INFO 13012 --- [Web Socket Application] [main] o.s.o.j.p.SpringPersistenceUnitInfo      : No LoadTimeWeaver setup: ignoring JPA class transformer
2023-12-08T12:43:35.562+05:45  INFO 13012 --- [Web Socket Application] [main] com.zaxxer.hikari.HikariDataSource       : HikariPool-1 - Starting...
2023-12-08T12:43:36.218+05:45  INFO 13012 --- [Web Socket Application] [main] com.zaxxer.hikari.pool.HikariPool        : HikariPool-1 - Added connection org.postgresql.jdbc.PgConnection@5c25d0d1
2023-12-08T12:43:36.227+05:45  INFO 13012 --- [Web Socket Application] [main] com.zaxxer.hikari.HikariDataSource       : HikariPool-1 - Start completed.
2023-12-08T12:43:39.713+05:45  INFO 13012 --- [Web Socket Application] [main] j.LocalContainerEntityManagerFactoryBean : Initialized JPA EntityManagerFactory for persistence unit 'default'
2023-12-08T12:43:40.756+05:45 DEBUG 13012 --- [Web Socket Application] [main] o.s.w.s.s.s.WebSocketHandlerMapping      : Patterns [/bishal] in 'webSocketHandlerMapping'
2023-12-08T12:43:40.859+05:45  WARN 13012 --- [Web Socket Application] [main] JpaBaseConfiguration$JpaWebConfiguration : spring.jpa.open-in-view is enabled by default. Therefore, database queries may be performed during view rendering. Explicitly configure spring.jpa.open-in-view to disable this warning
2023-12-08T12:43:41.088+05:45 DEBUG 13012 --- [Web Socket Application] [main] s.w.s.m.m.a.RequestMappingHandlerMapping : 3 mappings in 'requestMappingHandlerMapping'
2023-12-08T12:43:41.365+05:45 DEBUG 13012 --- [Web Socket Application] [main] o.s.w.s.handler.SimpleUrlHandlerMapping  : Patterns [/webjars/**, /**] in 'resourceHandlerMapping'
2023-12-08T12:43:41.500+05:45 DEBUG 13012 --- [Web Socket Application] [main] s.w.s.m.m.a.RequestMappingHandlerAdapter : ControllerAdvice beans: 0 @ModelAttribute, 0 @InitBinder, 1 RequestBodyAdvice, 1 ResponseBodyAdvice
2023-12-08T12:43:41.693+05:45 DEBUG 13012 --- [Web Socket Application] [main] .m.m.a.ExceptionHandlerExceptionResolver : ControllerAdvice beans: 0 @ExceptionHandler, 1 ResponseBodyAdvice
2023-12-08T12:43:42.891+05:45  INFO 13012 --- [Web Socket Application] [main] o.s.b.w.embedded.tomcat.TomcatWebServer  : Tomcat started on port 8080 (http) with context path ''
2023-12-08T12:43:42.926+05:45  INFO 13012 --- [Web Socket Application] [main] c.w.websocket.WebsocketApplication       : Started WebsocketApplication in 16.904 seconds (process running for 18.153)
2023-12-08T12:43:52.608+05:45  INFO 13012 --- [Web Socket Application] [http-nio-8080-exec-1] o.a.c.c.C.[Tomcat].[localhost].[/]       : Initializing Spring DispatcherServlet 'dispatcherServlet'
2023-12-08T12:43:52.610+05:45  INFO 13012 --- [Web Socket Application] [http-nio-8080-exec-1] o.s.web.servlet.DispatcherServlet        : Initializing Servlet 'dispatcherServlet'
2023-12-08T12:43:52.611+05:45 DEBUG 13012 --- [Web Socket Application] [http-nio-8080-exec-1] o.s.web.servlet.DispatcherServlet        : Detected StandardServletMultipartResolver
2023-12-08T12:43:52.612+05:45 DEBUG 13012 --- [Web Socket Application] [http-nio-8080-exec-1] o.s.web.servlet.DispatcherServlet        : Detected AcceptHeaderLocaleResolver
2023-12-08T12:43:52.613+05:45 DEBUG 13012 --- [Web Socket Application] [http-nio-8080-exec-1] o.s.web.servlet.DispatcherServlet        : Detected FixedThemeResolver
2023-12-08T12:43:52.615+05:45 DEBUG 13012 --- [Web Socket Application] [http-nio-8080-exec-1] o.s.web.servlet.DispatcherServlet        : Detected org.springframework.web.servlet.view.DefaultRequestToViewNameTranslator@400d1c30
2023-12-08T12:43:52.617+05:45 DEBUG 13012 --- [Web Socket Application] [http-nio-8080-exec-1] o.s.web.servlet.DispatcherServlet        : Detected org.springframework.web.servlet.support.SessionFlashMapManager@3055f310
2023-12-08T12:43:52.618+05:45 DEBUG 13012 --- [Web Socket Application] [http-nio-8080-exec-1] o.s.web.servlet.DispatcherServlet        : enableLoggingRequestDetails='false': request parameters and headers will be masked to prevent unsafe logging of potentially sensitive data
2023-12-08T12:43:52.619+05:45  INFO 13012 --- [Web Socket Application] [http-nio-8080-exec-1] o.s.web.servlet.DispatcherServlet        : Completed initialization in 9 ms
2023-12-08T12:43:52.654+05:45 DEBUG 13012 --- [Web Socket Application] [http-nio-8080-exec-1] o.s.web.servlet.DispatcherServlet        : GET "/api", parameters={}
2023-12-08T12:43:52.719+05:45 DEBUG 13012 --- [Web Socket Application] [http-nio-8080-exec-1] o.s.w.s.handler.SimpleUrlHandlerMapping  : Mapped to ResourceHttpRequestHandler [classpath [META-INF/resources/], classpath [resources/], classpath [static/], classpath [public/], ServletContext [/]]
2023-12-08T12:43:52.775+05:45 DEBUG 13012 --- [Web Socket Application] [http-nio-8080-exec-1] o.s.w.s.r.ResourceHttpRequestHandler     : Resource not found
2023-12-08T12:43:52.794+05:45 DEBUG 13012 --- [Web Socket Application] [http-nio-8080-exec-1] .w.s.m.s.DefaultHandlerExceptionResolver : Resolved [org.springframework.web.servlet.resource.NoResourceFoundException: No static resource api.]
2023-12-08T12:43:52.796+05:45 DEBUG 13012 --- [Web Socket Application] [http-nio-8080-exec-1] o.s.web.servlet.DispatcherServlet        : Completed 404 NOT_FOUND
2023-12-08T12:43:52.825+05:45 DEBUG 13012 --- [Web Socket Application] [http-nio-8080-exec-1] o.s.web.servlet.DispatcherServlet        : "ERROR" dispatch for GET "/error", parameters={}
2023-12-08T12:43:52.832+05:45 DEBUG 13012 --- [Web Socket Application] [http-nio-8080-exec-1] s.w.s.m.m.a.RequestMappingHandlerMapping : Mapped to org.springframework.boot.autoconfigure.web.servlet.error.BasicErrorController#errorHtml(HttpServletRequest, HttpServletResponse)
2023-12-08T12:43:52.964+05:45 DEBUG 13012 --- [Web Socket Application] [http-nio-8080-exec-1] o.s.w.s.v.ContentNegotiatingViewResolver : Selected 'text/html' given [text/html, text/html;q=0.8]
2023-12-08T12:43:52.997+05:45 DEBUG 13012 --- [Web Socket Application] [http-nio-8080-exec-1] o.s.web.servlet.DispatcherServlet        : Exiting from "ERROR" dispatch, status 404
2023-12-08T12:43:53.663+05:45 DEBUG 13012 --- [Web Socket Application] [http-nio-8080-exec-3] o.s.web.servlet.DispatcherServlet        : GET "/favicon.ico", parameters={}
2023-12-08T12:43:53.664+05:45 DEBUG 13012 --- [Web Socket Application] [http-nio-8080-exec-3] o.s.w.s.handler.SimpleUrlHandlerMapping  : Mapped to ResourceHttpRequestHandler [classpath [META-INF/resources/], classpath [resources/], classpath [static/], classpath [public/], ServletContext [/]]
2023-12-08T12:43:53.667+05:45 DEBUG 13012 --- [Web Socket Application] [http-nio-8080-exec-3] o.s.w.s.r.ResourceHttpRequestHandler     : Resource not found
2023-12-08T12:43:53.668+05:45 DEBUG 13012 --- [Web Socket Application] [http-nio-8080-exec-3] .w.s.m.s.DefaultHandlerExceptionResolver : Resolved [org.springframework.web.servlet.resource.NoResourceFoundException: No static resource favicon.ico.]
2023-12-08T12:43:53.669+05:45 DEBUG 13012 --- [Web Socket Application] [http-nio-8080-exec-3] o.s.web.servlet.DispatcherServlet        : Completed 404 NOT_FOUND
2023-12-08T12:43:53.675+05:45 DEBUG 13012 --- [Web Socket Application] [http-nio-8080-exec-3] o.s.web.servlet.DispatcherServlet        : "ERROR" dispatch for GET "/error", parameters={}
2023-12-08T12:43:53.677+05:45 DEBUG 13012 --- [Web Socket Application] [http-nio-8080-exec-3] s.w.s.m.m.a.RequestMappingHandlerMapping : Mapped to org.springframework.boot.autoconfigure.web.servlet.error.BasicErrorController#error(HttpServletRequest)
2023-12-08T12:43:53.749+05:45 DEBUG 13012 --- [Web Socket Application] [http-nio-8080-exec-3] o.s.w.s.m.m.a.HttpEntityMethodProcessor  : Using 'application/json;q=0.8', given [image/avif, image/webp, image/apng, image/svg+xml, image/*, */*;q=0.8] and supported [application/json, application/*+json, application/xml;charset=UTF-8, text/xml;charset=UTF-8, application/*+xml;charset=UTF-8]
2023-12-08T12:43:53.752+05:45 DEBUG 13012 --- [Web Socket Application] [http-nio-8080-exec-3] o.s.w.s.m.m.a.HttpEntityMethodProcessor  : Writing [{timestamp=Fri Dec 08 12:43:53 NPT 2023, status=404, error=Not Found, path=/favicon.ico}]
2023-12-08T12:43:53.930+05:45 DEBUG 13012 --- [Web Socket Application] [http-nio-8080-exec-3] o.s.web.servlet.DispatcherServlet        : Exiting from "ERROR" dispatch, status 404
2023-12-08T12:44:06.969+05:45 DEBUG 13012 --- [Web Socket Application] [http-nio-8080-exec-5] o.s.web.servlet.DispatcherServlet        : GET "/api/sensor", parameters={}
2023-12-08T12:44:06.974+05:45 DEBUG 13012 --- [Web Socket Application] [http-nio-8080-exec-5] s.w.s.m.m.a.RequestMappingHandlerMapping : Mapped to com.websocketL.websocket.resource.SensorResource#getSensors()
2023-12-08T12:44:07.534+05:45 ERROR 13012 --- [Web Socket Application] [http-nio-8080-exec-5] o.h.engine.jdbc.spi.SqlExceptionHelper   : ERROR: syntax error at or near "table"
  Position: 53
2023-12-08T12:44:07.564+05:45 DEBUG 13012 --- [Web Socket Application] [http-nio-8080-exec-5] o.s.web.servlet.DispatcherServlet        : Failed to complete request: org.springframework.dao.InvalidDataAccessResourceUsageException: JDBC exception executing SQL [select s1_0.id,s1_0.device_id,s1_0.sensor_data from table s1_0] [ERROR: syntax error at or near "table"
  Position: 53] [n/a]; SQL [n/a]
2023-12-08T12:44:07.565+05:45 ERROR 13012 --- [Web Socket Application] [http-nio-8080-exec-5] o.a.c.c.C.[.[.[/].[dispatcherServlet]    : Servlet.service() for servlet [dispatcherServlet] in context with path [] threw exception [Request processing failed: org.springframework.dao.InvalidDataAccessResourceUsageException: JDBC exception executing SQL [select s1_0.id,s1_0.device_id,s1_0.sensor_data from table s1_0] [ERROR: syntax error at or near "table"
  Position: 53] [n/a]; SQL [n/a]] with root cause

org.postgresql.util.PSQLException: ERROR: syntax error at or near "table"
  Position: 53
	at org.postgresql.core.v3.QueryExecutorImpl.receiveErrorResponse(QueryExecutorImpl.java:2713) ~[postgresql-42.6.0.jar:42.6.0]
	at org.postgresql.core.v3.QueryExecutorImpl.processResults(QueryExecutorImpl.java:2401) ~[postgresql-42.6.0.jar:42.6.0]
	at org.postgresql.core.v3.QueryExecutorImpl.execute(QueryExecutorImpl.java:368) ~[postgresql-42.6.0.jar:42.6.0]
	at org.postgresql.jdbc.PgStatement.executeInternal(PgStatement.java:498) ~[postgresql-42.6.0.jar:42.6.0]
	at org.postgresql.jdbc.PgStatement.execute(PgStatement.java:415) ~[postgresql-42.6.0.jar:42.6.0]
	at org.postgresql.jdbc.PgPreparedStatement.executeWithFlags(PgPreparedStatement.java:190) ~[postgresql-42.6.0.jar:42.6.0]
	at org.postgresql.jdbc.PgPreparedStatement.executeQuery(PgPreparedStatement.java:134) ~[postgresql-42.6.0.jar:42.6.0]
	at com.zaxxer.hikari.pool.ProxyPreparedStatement.executeQuery(ProxyPreparedStatement.java:52) ~[HikariCP-5.0.1.jar:na]
	at com.zaxxer.hikari.pool.HikariProxyPreparedStatement.executeQuery(HikariProxyPreparedStatement.java) ~[HikariCP-5.0.1.jar:na]
	at org.hibernate.sql.results.jdbc.internal.DeferredResultSetAccess.executeQuery(DeferredResultSetAccess.java:240) ~[hibernate-core-6.3.1.Final.jar:6.3.1.Final]
	at org.hibernate.sql.results.jdbc.internal.DeferredResultSetAccess.getResultSet(DeferredResultSetAccess.java:164) ~[hibernate-core-6.3.1.Final.jar:6.3.1.Final]
	at org.hibernate.sql.results.jdbc.internal.JdbcValuesResultSetImpl.advanceNext(JdbcValuesResultSetImpl.java:218) ~[hibernate-core-6.3.1.Final.jar:6.3.1.Final]
	at org.hibernate.sql.results.jdbc.internal.JdbcValuesResultSetImpl.processNext(JdbcValuesResultSetImpl.java:98) ~[hibernate-core-6.3.1.Final.jar:6.3.1.Final]
	at org.hibernate.sql.results.jdbc.internal.AbstractJdbcValues.next(AbstractJdbcValues.java:19) ~[hibernate-core-6.3.1.Final.jar:6.3.1.Final]
	at org.hibernate.sql.results.internal.RowProcessingStateStandardImpl.next(RowProcessingStateStandardImpl.java:66) ~[hibernate-core-6.3.1.Final.jar:6.3.1.Final]
	at org.hibernate.sql.results.spi.ListResultsConsumer.consume(ListResultsConsumer.java:200) ~[hibernate-core-6.3.1.Final.jar:6.3.1.Final]
	at org.hibernate.sql.results.spi.ListResultsConsumer.consume(ListResultsConsumer.java:33) ~[hibernate-core-6.3.1.Final.jar:6.3.1.Final]
	at org.hibernate.sql.exec.internal.JdbcSelectExecutorStandardImpl.doExecuteQuery(JdbcSelectExecutorStandardImpl.java:361) ~[hibernate-core-6.3.1.Final.jar:6.3.1.Final]
	at org.hibernate.sql.exec.internal.JdbcSelectExecutorStandardImpl.executeQuery(JdbcSelectExecutorStandardImpl.java:168) ~[hibernate-core-6.3.1.Final.jar:6.3.1.Final]
	at org.hibernate.sql.exec.internal.JdbcSelectExecutorStandardImpl.list(JdbcSelectExecutorStandardImpl.java:93) ~[hibernate-core-6.3.1.Final.jar:6.3.1.Final]
	at org.hibernate.sql.exec.spi.JdbcSelectExecutor.list(JdbcSelectExecutor.java:31) ~[hibernate-core-6.3.1.Final.jar:6.3.1.Final]
	at org.hibernate.query.sqm.internal.ConcreteSqmSelectQueryPlan.lambda$new$0(ConcreteSqmSelectQueryPlan.java:109) ~[hibernate-core-6.3.1.Final.jar:6.3.1.Final]
	at org.hibernate.query.sqm.internal.ConcreteSqmSelectQueryPlan.withCacheableSqmInterpretation(ConcreteSqmSelectQueryPlan.java:305) ~[hibernate-core-6.3.1.Final.jar:6.3.1.Final]
	at org.hibernate.query.sqm.internal.ConcreteSqmSelectQueryPlan.performList(ConcreteSqmSelectQueryPlan.java:246) ~[hibernate-core-6.3.1.Final.jar:6.3.1.Final]
	at org.hibernate.query.sqm.internal.QuerySqmImpl.doList(QuerySqmImpl.java:509) ~[hibernate-core-6.3.1.Final.jar:6.3.1.Final]
	at org.hibernate.query.spi.AbstractSelectionQuery.list(AbstractSelectionQuery.java:427) ~[hibernate-core-6.3.1.Final.jar:6.3.1.Final]
	at org.hibernate.query.Query.getResultList(Query.java:120) ~[hibernate-core-6.3.1.Final.jar:6.3.1.Final]
	at org.springframework.data.jpa.repository.support.SimpleJpaRepository.findAll(SimpleJpaRepository.java:383) ~[spring-data-jpa-3.2.0.jar:3.2.0]
	at org.springframework.data.jpa.repository.support.SimpleJpaRepository.findAll(SimpleJpaRepository.java:95) ~[spring-data-jpa-3.2.0.jar:3.2.0]
	at java.base/jdk.internal.reflect.NativeMethodAccessorImpl.invoke0(Native Method) ~[na:na]
	at java.base/jdk.internal.reflect.NativeMethodAccessorImpl.invoke(NativeMethodAccessorImpl.java:77) ~[na:na]
	at java.base/jdk.internal.reflect.DelegatingMethodAccessorImpl.invoke(DelegatingMethodAccessorImpl.java:43) ~[na:na]
	at java.base/java.lang.reflect.Method.invoke(Method.java:568) ~[na:na]
	at org.springframework.aop.support.AopUtils.invokeJoinpointUsingReflection(AopUtils.java:352) ~[spring-aop-6.1.1.jar:6.1.1]
	at org.springframework.data.repository.core.support.RepositoryMethodInvoker$RepositoryFragmentMethodInvoker.lambda$new$0(RepositoryMethodInvoker.java:277) ~[spring-data-commons-3.2.0.jar:3.2.0]
	at org.springframework.data.repository.core.support.RepositoryMethodInvoker.doInvoke(RepositoryMethodInvoker.java:170) ~[spring-data-commons-3.2.0.jar:3.2.0]
	at org.springframework.data.repository.core.support.RepositoryMethodInvoker.invoke(RepositoryMethodInvoker.java:158) ~[spring-data-commons-3.2.0.jar:3.2.0]
	at org.springframework.data.repository.core.support.RepositoryComposition$RepositoryFragments.invoke(RepositoryComposition.java:516) ~[spring-data-commons-3.2.0.jar:3.2.0]
	at org.springframework.data.repository.core.support.RepositoryComposition.invoke(RepositoryComposition.java:285) ~[spring-data-commons-3.2.0.jar:3.2.0]
	at org.springframework.data.repository.core.support.RepositoryFactorySupport$ImplementationMethodExecutionInterceptor.invoke(RepositoryFactorySupport.java:628) ~[spring-data-commons-3.2.0.jar:3.2.0]
	at org.springframework.aop.framework.ReflectiveMethodInvocation.proceed(ReflectiveMethodInvocation.java:184) ~[spring-aop-6.1.1.jar:6.1.1]
	at org.springframework.data.repository.core.support.QueryExecutorMethodInterceptor.doInvoke(QueryExecutorMethodInterceptor.java:168) ~[spring-data-commons-3.2.0.jar:3.2.0]
	at org.springframework.data.repository.core.support.QueryExecutorMethodInterceptor.invoke(QueryExecutorMethodInterceptor.java:143) ~[spring-data-commons-3.2.0.jar:3.2.0]
	at org.springframework.aop.framework.ReflectiveMethodInvocation.proceed(ReflectiveMethodInvocation.java:184) ~[spring-aop-6.1.1.jar:6.1.1]
	at org.springframework.data.projection.DefaultMethodInvokingMethodInterceptor.invoke(DefaultMethodInvokingMethodInterceptor.java:70) ~[spring-data-commons-3.2.0.jar:3.2.0]
	at org.springframework.aop.framework.ReflectiveMethodInvocation.proceed(ReflectiveMethodInvocation.java:184) ~[spring-aop-6.1.1.jar:6.1.1]
	at org.springframework.transaction.interceptor.TransactionInterceptor$1.proceedWithInvocation(TransactionInterceptor.java:123) ~[spring-tx-6.1.1.jar:6.1.1]
	at org.springframework.transaction.interceptor.TransactionAspectSupport.invokeWithinTransaction(TransactionAspectSupport.java:385) ~[spring-tx-6.1.1.jar:6.1.1]
	at org.springframework.transaction.interceptor.TransactionInterceptor.invoke(TransactionInterceptor.java:119) ~[spring-tx-6.1.1.jar:6.1.1]
	at org.springframework.aop.framework.ReflectiveMethodInvocation.proceed(ReflectiveMethodInvocation.java:184) ~[spring-aop-6.1.1.jar:6.1.1]
	at org.springframework.dao.support.PersistenceExceptionTranslationInterceptor.invoke(PersistenceExceptionTranslationInterceptor.java:137) ~[spring-tx-6.1.1.jar:6.1.1]
	at org.springframework.aop.framework.ReflectiveMethodInvocation.proceed(ReflectiveMethodInvocation.java:184) ~[spring-aop-6.1.1.jar:6.1.1]
	at org.springframework.data.jpa.repository.support.CrudMethodMetadataPostProcessor$CrudMethodMetadataPopulatingMethodInterceptor.invoke(CrudMethodMetadataPostProcessor.java:164) ~[spring-data-jpa-3.2.0.jar:3.2.0]
	at org.springframework.aop.framework.ReflectiveMethodInvocation.proceed(ReflectiveMethodInvocation.java:184) ~[spring-aop-6.1.1.jar:6.1.1]
	at org.springframework.aop.interceptor.ExposeInvocationInterceptor.invoke(ExposeInvocationInterceptor.java:97) ~[spring-aop-6.1.1.jar:6.1.1]
	at org.springframework.aop.framework.ReflectiveMethodInvocation.proceed(ReflectiveMethodInvocation.java:184) ~[spring-aop-6.1.1.jar:6.1.1]
	at org.springframework.aop.framework.JdkDynamicAopProxy.invoke(JdkDynamicAopProxy.java:249) ~[spring-aop-6.1.1.jar:6.1.1]
	at jdk.proxy2/jdk.proxy2.$Proxy113.findAll(Unknown Source) ~[na:na]
	at com.websocketL.websocket.service.SensorServiceImpl.getSensors(SensorServiceImpl.java:25) ~[classes/:na]
	at com.websocketL.websocket.resource.SensorResource.getSensors(SensorResource.java:25) ~[classes/:na]
	at java.base/jdk.internal.reflect.NativeMethodAccessorImpl.invoke0(Native Method) ~[na:na]
	at java.base/jdk.internal.reflect.NativeMethodAccessorImpl.invoke(NativeMethodAccessorImpl.java:77) ~[na:na]
	at java.base/jdk.internal.reflect.DelegatingMethodAccessorImpl.invoke(DelegatingMethodAccessorImpl.java:43) ~[na:na]
	at java.base/java.lang.reflect.Method.invoke(Method.java:568) ~[na:na]
	at org.springframework.web.method.support.InvocableHandlerMethod.doInvoke(InvocableHandlerMethod.java:254) ~[spring-web-6.1.1.jar:6.1.1]
	at org.springframework.web.method.support.InvocableHandlerMethod.invokeForRequest(InvocableHandlerMethod.java:182) ~[spring-web-6.1.1.jar:6.1.1]
	at org.springframework.web.servlet.mvc.method.annotation.ServletInvocableHandlerMethod.invokeAndHandle(ServletInvocableHandlerMethod.java:118) ~[spring-webmvc-6.1.1.jar:6.1.1]
	at org.springframework.web.servlet.mvc.method.annotation.RequestMappingHandlerAdapter.invokeHandlerMethod(RequestMappingHandlerAdapter.java:917) ~[spring-webmvc-6.1.1.jar:6.1.1]
	at org.springframework.web.servlet.mvc.method.annotation.RequestMappingHandlerAdapter.handleInternal(RequestMappingHandlerAdapter.java:829) ~[spring-webmvc-6.1.1.jar:6.1.1]
	at org.springframework.web.servlet.mvc.method.AbstractHandlerMethodAdapter.handle(AbstractHandlerMethodAdapter.java:87) ~[spring-webmvc-6.1.1.jar:6.1.1]
	at org.springframework.web.servlet.DispatcherServlet.doDispatch(DispatcherServlet.java:1089) ~[spring-webmvc-6.1.1.jar:6.1.1]
	at org.springframework.web.servlet.DispatcherServlet.doService(DispatcherServlet.java:979) ~[spring-webmvc-6.1.1.jar:6.1.1]
	at org.springframework.web.servlet.FrameworkServlet.processRequest(FrameworkServlet.java:1014) ~[spring-webmvc-6.1.1.jar:6.1.1]
	at org.springframework.web.servlet.FrameworkServlet.doGet(FrameworkServlet.java:903) ~[spring-webmvc-6.1.1.jar:6.1.1]
	at jakarta.servlet.http.HttpServlet.service(HttpServlet.java:564) ~[tomcat-embed-core-10.1.16.jar:6.0]
	at org.springframework.web.servlet.FrameworkServlet.service(FrameworkServlet.java:885) ~[spring-webmvc-6.1.1.jar:6.1.1]
	at jakarta.servlet.http.HttpServlet.service(HttpServlet.java:658) ~[tomcat-embed-core-10.1.16.jar:6.0]
	at org.apache.catalina.core.ApplicationFilterChain.internalDoFilter(ApplicationFilterChain.java:205) ~[tomcat-embed-core-10.1.16.jar:10.1.16]
	at org.apache.catalina.core.ApplicationFilterChain.doFilter(ApplicationFilterChain.java:149) ~[tomcat-embed-core-10.1.16.jar:10.1.16]
	at org.apache.tomcat.websocket.server.WsFilter.doFilter(WsFilter.java:51) ~[tomcat-embed-websocket-10.1.16.jar:10.1.16]
	at org.apache.catalina.core.ApplicationFilterChain.internalDoFilter(ApplicationFilterChain.java:174) ~[tomcat-embed-core-10.1.16.jar:10.1.16]
	at org.apache.catalina.core.ApplicationFilterChain.doFilter(ApplicationFilterChain.java:149) ~[tomcat-embed-core-10.1.16.jar:10.1.16]
	at org.springframework.web.filter.RequestContextFilter.doFilterInternal(RequestContextFilter.java:100) ~[spring-web-6.1.1.jar:6.1.1]
	at org.springframework.web.filter.OncePerRequestFilter.doFilter(OncePerRequestFilter.java:116) ~[spring-web-6.1.1.jar:6.1.1]
	at org.apache.catalina.core.ApplicationFilterChain.internalDoFilter(ApplicationFilterChain.java:174) ~[tomcat-embed-core-10.1.16.jar:10.1.16]
	at org.apache.catalina.core.ApplicationFilterChain.doFilter(ApplicationFilterChain.java:149) ~[tomcat-embed-core-10.1.16.jar:10.1.16]
	at org.springframework.web.filter.FormContentFilter.doFilterInternal(FormContentFilter.java:93) ~[spring-web-6.1.1.jar:6.1.1]
	at org.springframework.web.filter.OncePerRequestFilter.doFilter(OncePerRequestFilter.java:116) ~[spring-web-6.1.1.jar:6.1.1]
	at org.apache.catalina.core.ApplicationFilterChain.internalDoFilter(ApplicationFilterChain.java:174) ~[tomcat-embed-core-10.1.16.jar:10.1.16]
	at org.apache.catalina.core.ApplicationFilterChain.doFilter(ApplicationFilterChain.java:149) ~[tomcat-embed-core-10.1.16.jar:10.1.16]
	at org.springframework.web.filter.CharacterEncodingFilter.doFilterInternal(CharacterEncodingFilter.java:201) ~[spring-web-6.1.1.jar:6.1.1]
	at org.springframework.web.filter.OncePerRequestFilter.doFilter(OncePerRequestFilter.java:116) ~[spring-web-6.1.1.jar:6.1.1]
	at org.apache.catalina.core.ApplicationFilterChain.internalDoFilter(ApplicationFilterChain.java:174) ~[tomcat-embed-core-10.1.16.jar:10.1.16]
	at org.apache.catalina.core.ApplicationFilterChain.doFilter(ApplicationFilterChain.java:149) ~[tomcat-embed-core-10.1.16.jar:10.1.16]
	at org.apache.catalina.core.StandardWrapperValve.invoke(StandardWrapperValve.java:167) ~[tomcat-embed-core-10.1.16.jar:10.1.16]
	at org.apache.catalina.core.StandardContextValve.invoke(StandardContextValve.java:90) ~[tomcat-embed-core-10.1.16.jar:10.1.16]
	at org.apache.catalina.authenticator.AuthenticatorBase.invoke(AuthenticatorBase.java:482) ~[tomcat-embed-core-10.1.16.jar:10.1.16]
	at org.apache.catalina.core.StandardHostValve.invoke(StandardHostValve.java:115) ~[tomcat-embed-core-10.1.16.jar:10.1.16]
	at org.apache.catalina.valves.ErrorReportValve.invoke(ErrorReportValve.java:93) ~[tomcat-embed-core-10.1.16.jar:10.1.16]
	at org.apache.catalina.core.StandardEngineValve.invoke(StandardEngineValve.java:74) ~[tomcat-embed-core-10.1.16.jar:10.1.16]
	at org.apache.catalina.connector.CoyoteAdapter.service(CoyoteAdapter.java:340) ~[tomcat-embed-core-10.1.16.jar:10.1.16]
	at org.apache.coyote.http11.Http11Processor.service(Http11Processor.java:391) ~[tomcat-embed-core-10.1.16.jar:10.1.16]
	at org.apache.coyote.AbstractProcessorLight.process(AbstractProcessorLight.java:63) ~[tomcat-embed-core-10.1.16.jar:10.1.16]
	at org.apache.coyote.AbstractProtocol$ConnectionHandler.process(AbstractProtocol.java:896) ~[tomcat-embed-core-10.1.16.jar:10.1.16]
	at org.apache.tomcat.util.net.NioEndpoint$SocketProcessor.doRun(NioEndpoint.java:1744) ~[tomcat-embed-core-10.1.16.jar:10.1.16]
	at org.apache.tomcat.util.net.SocketProcessorBase.run(SocketProcessorBase.java:52) ~[tomcat-embed-core-10.1.16.jar:10.1.16]
	at org.apache.tomcat.util.threads.ThreadPoolExecutor.runWorker(ThreadPoolExecutor.java:1191) ~[tomcat-embed-core-10.1.16.jar:10.1.16]
	at org.apache.tomcat.util.threads.ThreadPoolExecutor$Worker.run(ThreadPoolExecutor.java:659) ~[tomcat-embed-core-10.1.16.jar:10.1.16]
	at org.apache.tomcat.util.threads.TaskThread$WrappingRunnable.run(TaskThread.java:61) ~[tomcat-embed-core-10.1.16.jar:10.1.16]
	at java.base/java.lang.Thread.run(Thread.java:833) ~[na:na]

2023-12-08T12:44:07.602+05:45 DEBUG 13012 --- [Web Socket Application] [http-nio-8080-exec-5] o.s.web.servlet.DispatcherServlet        : "ERROR" dispatch for GET "/error", parameters={}
2023-12-08T12:44:07.603+05:45 DEBUG 13012 --- [Web Socket Application] [http-nio-8080-exec-5] s.w.s.m.m.a.RequestMappingHandlerMapping : Mapped to org.springframework.boot.autoconfigure.web.servlet.error.BasicErrorController#errorHtml(HttpServletRequest, HttpServletResponse)
2023-12-08T12:44:07.636+05:45 DEBUG 13012 --- [Web Socket Application] [http-nio-8080-exec-5] o.s.w.s.v.ContentNegotiatingViewResolver : Selected 'text/html' given [text/html, text/html;q=0.8]
2023-12-08T12:44:07.646+05:45 DEBUG 13012 --- [Web Socket Application] [http-nio-8080-exec-5] o.s.web.servlet.DispatcherServlet        : Exiting from "ERROR" dispatch, status 500
2023-12-08T12:46:12.668+05:45  INFO 10584 --- [Web Socket Application] [main] c.w.websocket.WebsocketApplication       : Starting WebsocketApplication using Java 17.0.8.1 with PID 10584 (D:\CODE\JAVA\SPRING BOOT\websocket\target\classes started by iambstha in D:\CODE\JAVA\SPRING BOOT\websocket)
2023-12-08T12:46:12.683+05:45  INFO 10584 --- [Web Socket Application] [main] c.w.websocket.WebsocketApplication       : No active profile set, falling back to 1 default profile: "default"
2023-12-08T12:46:18.367+05:45  INFO 10584 --- [Web Socket Application] [main] .s.d.r.c.RepositoryConfigurationDelegate : Multiple Spring Data modules found, entering strict repository configuration mode
2023-12-08T12:46:18.379+05:45  INFO 10584 --- [Web Socket Application] [main] .s.d.r.c.RepositoryConfigurationDelegate : Bootstrapping Spring Data JDBC repositories in DEFAULT mode.
2023-12-08T12:46:18.631+05:45  INFO 10584 --- [Web Socket Application] [main] .RepositoryConfigurationExtensionSupport : Spring Data JDBC - Could not safely identify store assignment for repository candidate interface com.websocketL.websocket.repository.WebSocketRepository; If you want this repository to be a JDBC repository, consider annotating your entities with one of these annotations: org.springframework.data.relational.core.mapping.Table.
2023-12-08T12:46:18.634+05:45  INFO 10584 --- [Web Socket Application] [main] .s.d.r.c.RepositoryConfigurationDelegate : Finished Spring Data repository scanning in 227 ms. Found 0 JDBC repository interfaces.
2023-12-08T12:46:18.688+05:45  INFO 10584 --- [Web Socket Application] [main] .s.d.r.c.RepositoryConfigurationDelegate : Multiple Spring Data modules found, entering strict repository configuration mode
2023-12-08T12:46:18.704+05:45  INFO 10584 --- [Web Socket Application] [main] .s.d.r.c.RepositoryConfigurationDelegate : Bootstrapping Spring Data JPA repositories in DEFAULT mode.
2023-12-08T12:46:18.850+05:45  INFO 10584 --- [Web Socket Application] [main] .s.d.r.c.RepositoryConfigurationDelegate : Finished Spring Data repository scanning in 115 ms. Found 1 JPA repository interface.
2023-12-08T12:46:22.626+05:45  INFO 10584 --- [Web Socket Application] [main] o.s.b.w.embedded.tomcat.TomcatWebServer  : Tomcat initialized with port 8080 (http)
2023-12-08T12:46:22.657+05:45  INFO 10584 --- [Web Socket Application] [main] o.apache.catalina.core.StandardService   : Starting service [Tomcat]
2023-12-08T12:46:22.657+05:45  INFO 10584 --- [Web Socket Application] [main] o.apache.catalina.core.StandardEngine    : Starting Servlet engine: [Apache Tomcat/10.1.16]
2023-12-08T12:46:22.914+05:45  INFO 10584 --- [Web Socket Application] [main] o.a.c.c.C.[Tomcat].[localhost].[/]       : Initializing Spring embedded WebApplicationContext
2023-12-08T12:46:22.916+05:45  INFO 10584 --- [Web Socket Application] [main] w.s.c.ServletWebServerApplicationContext : Root WebApplicationContext: initialization completed in 10019 ms
2023-12-08T12:46:24.509+05:45  INFO 10584 --- [Web Socket Application] [main] o.s.o.j.p.SpringPersistenceUnitInfo      : No LoadTimeWeaver setup: ignoring JPA class transformer
2023-12-08T12:46:24.566+05:45  INFO 10584 --- [Web Socket Application] [main] com.zaxxer.hikari.HikariDataSource       : HikariPool-1 - Starting...
2023-12-08T12:46:25.019+05:45  INFO 10584 --- [Web Socket Application] [main] com.zaxxer.hikari.pool.HikariPool        : HikariPool-1 - Added connection org.postgresql.jdbc.PgConnection@598657cd
2023-12-08T12:46:25.024+05:45  INFO 10584 --- [Web Socket Application] [main] com.zaxxer.hikari.HikariDataSource       : HikariPool-1 - Start completed.
2023-12-08T12:46:27.656+05:45  INFO 10584 --- [Web Socket Application] [main] j.LocalContainerEntityManagerFactoryBean : Initialized JPA EntityManagerFactory for persistence unit 'default'
2023-12-08T12:46:28.261+05:45 DEBUG 10584 --- [Web Socket Application] [main] o.s.w.s.s.s.WebSocketHandlerMapping      : Patterns [/bishal] in 'webSocketHandlerMapping'
2023-12-08T12:46:28.327+05:45  WARN 10584 --- [Web Socket Application] [main] JpaBaseConfiguration$JpaWebConfiguration : spring.jpa.open-in-view is enabled by default. Therefore, database queries may be performed during view rendering. Explicitly configure spring.jpa.open-in-view to disable this warning
2023-12-08T12:46:28.505+05:45 DEBUG 10584 --- [Web Socket Application] [main] s.w.s.m.m.a.RequestMappingHandlerMapping : 3 mappings in 'requestMappingHandlerMapping'
2023-12-08T12:46:28.847+05:45 DEBUG 10584 --- [Web Socket Application] [main] o.s.w.s.handler.SimpleUrlHandlerMapping  : Patterns [/webjars/**, /**] in 'resourceHandlerMapping'
2023-12-08T12:46:28.949+05:45 DEBUG 10584 --- [Web Socket Application] [main] s.w.s.m.m.a.RequestMappingHandlerAdapter : ControllerAdvice beans: 0 @ModelAttribute, 0 @InitBinder, 1 RequestBodyAdvice, 1 ResponseBodyAdvice
2023-12-08T12:46:29.060+05:45 DEBUG 10584 --- [Web Socket Application] [main] .m.m.a.ExceptionHandlerExceptionResolver : ControllerAdvice beans: 0 @ExceptionHandler, 1 ResponseBodyAdvice
2023-12-08T12:46:29.545+05:45  INFO 10584 --- [Web Socket Application] [main] o.s.b.w.embedded.tomcat.TomcatWebServer  : Tomcat started on port 8080 (http) with context path ''
2023-12-08T12:46:29.564+05:45  INFO 10584 --- [Web Socket Application] [main] c.w.websocket.WebsocketApplication       : Started WebsocketApplication in 19.034 seconds (process running for 20.83)
2023-12-08T12:46:36.005+05:45  INFO 10584 --- [Web Socket Application] [http-nio-8080-exec-1] o.a.c.c.C.[Tomcat].[localhost].[/]       : Initializing Spring DispatcherServlet 'dispatcherServlet'
2023-12-08T12:46:36.006+05:45  INFO 10584 --- [Web Socket Application] [http-nio-8080-exec-1] o.s.web.servlet.DispatcherServlet        : Initializing Servlet 'dispatcherServlet'
2023-12-08T12:46:36.007+05:45 DEBUG 10584 --- [Web Socket Application] [http-nio-8080-exec-1] o.s.web.servlet.DispatcherServlet        : Detected StandardServletMultipartResolver
2023-12-08T12:46:36.007+05:45 DEBUG 10584 --- [Web Socket Application] [http-nio-8080-exec-1] o.s.web.servlet.DispatcherServlet        : Detected AcceptHeaderLocaleResolver
2023-12-08T12:46:36.008+05:45 DEBUG 10584 --- [Web Socket Application] [http-nio-8080-exec-1] o.s.web.servlet.DispatcherServlet        : Detected FixedThemeResolver
2023-12-08T12:46:36.015+05:45 DEBUG 10584 --- [Web Socket Application] [http-nio-8080-exec-1] o.s.web.servlet.DispatcherServlet        : Detected org.springframework.web.servlet.view.DefaultRequestToViewNameTranslator@5d957cf0
2023-12-08T12:46:36.018+05:45 DEBUG 10584 --- [Web Socket Application] [http-nio-8080-exec-1] o.s.web.servlet.DispatcherServlet        : Detected org.springframework.web.servlet.support.SessionFlashMapManager@4e3d36c2
2023-12-08T12:46:36.019+05:45 DEBUG 10584 --- [Web Socket Application] [http-nio-8080-exec-1] o.s.web.servlet.DispatcherServlet        : enableLoggingRequestDetails='false': request parameters and headers will be masked to prevent unsafe logging of potentially sensitive data
2023-12-08T12:46:36.020+05:45  INFO 10584 --- [Web Socket Application] [http-nio-8080-exec-1] o.s.web.servlet.DispatcherServlet        : Completed initialization in 14 ms
2023-12-08T12:46:36.039+05:45 DEBUG 10584 --- [Web Socket Application] [http-nio-8080-exec-1] o.s.web.servlet.DispatcherServlet        : GET "/api/sensor", parameters={}
2023-12-08T12:46:36.070+05:45 DEBUG 10584 --- [Web Socket Application] [http-nio-8080-exec-1] s.w.s.m.m.a.RequestMappingHandlerMapping : Mapped to com.websocketL.websocket.resource.SensorResource#getSensors()
2023-12-08T12:46:36.415+05:45 DEBUG 10584 --- [Web Socket Application] [http-nio-8080-exec-1] m.m.a.RequestResponseBodyMethodProcessor : Using 'application/xhtml+xml', given [text/html, application/xhtml+xml, image/avif, image/webp, image/apng, application/xml;q=0.9, */*;q=0.8] and supported [application/json, application/*+json, application/xml;charset=UTF-8, text/xml;charset=UTF-8, application/*+xml;charset=UTF-8]
2023-12-08T12:46:36.419+05:45 DEBUG 10584 --- [Web Socket Application] [http-nio-8080-exec-1] m.m.a.RequestResponseBodyMethodProcessor : Writing [[]]
2023-12-08T12:46:36.489+05:45 DEBUG 10584 --- [Web Socket Application] [http-nio-8080-exec-1] o.s.web.servlet.DispatcherServlet        : Completed 200 OK
2023-12-08T12:50:16.228+05:45  INFO 6960 --- [Web Socket Application] [main] c.w.websocket.WebsocketApplication       : Starting WebsocketApplication using Java 17.0.8.1 with PID 6960 (D:\CODE\JAVA\SPRING BOOT\websocket\target\classes started by iambstha in D:\CODE\JAVA\SPRING BOOT\websocket)
2023-12-08T12:50:16.244+05:45  INFO 6960 --- [Web Socket Application] [main] c.w.websocket.WebsocketApplication       : No active profile set, falling back to 1 default profile: "default"
2023-12-08T12:50:18.689+05:45  INFO 6960 --- [Web Socket Application] [main] .s.d.r.c.RepositoryConfigurationDelegate : Multiple Spring Data modules found, entering strict repository configuration mode
2023-12-08T12:50:18.694+05:45  INFO 6960 --- [Web Socket Application] [main] .s.d.r.c.RepositoryConfigurationDelegate : Bootstrapping Spring Data JDBC repositories in DEFAULT mode.
2023-12-08T12:50:18.801+05:45  INFO 6960 --- [Web Socket Application] [main] .RepositoryConfigurationExtensionSupport : Spring Data JDBC - Could not safely identify store assignment for repository candidate interface com.websocketL.websocket.repository.WebSocketRepository; If you want this repository to be a JDBC repository, consider annotating your entities with one of these annotations: org.springframework.data.relational.core.mapping.Table.
2023-12-08T12:50:18.804+05:45  INFO 6960 --- [Web Socket Application] [main] .s.d.r.c.RepositoryConfigurationDelegate : Finished Spring Data repository scanning in 94 ms. Found 0 JDBC repository interfaces.
2023-12-08T12:50:18.839+05:45  INFO 6960 --- [Web Socket Application] [main] .s.d.r.c.RepositoryConfigurationDelegate : Multiple Spring Data modules found, entering strict repository configuration mode
2023-12-08T12:50:18.842+05:45  INFO 6960 --- [Web Socket Application] [main] .s.d.r.c.RepositoryConfigurationDelegate : Bootstrapping Spring Data JPA repositories in DEFAULT mode.
2023-12-08T12:50:18.924+05:45  INFO 6960 --- [Web Socket Application] [main] .s.d.r.c.RepositoryConfigurationDelegate : Finished Spring Data repository scanning in 69 ms. Found 1 JPA repository interface.
2023-12-08T12:50:20.992+05:45  INFO 6960 --- [Web Socket Application] [main] o.s.b.w.embedded.tomcat.TomcatWebServer  : Tomcat initialized with port 8080 (http)
2023-12-08T12:50:21.029+05:45  INFO 6960 --- [Web Socket Application] [main] o.apache.catalina.core.StandardService   : Starting service [Tomcat]
2023-12-08T12:50:21.030+05:45  INFO 6960 --- [Web Socket Application] [main] o.apache.catalina.core.StandardEngine    : Starting Servlet engine: [Apache Tomcat/10.1.16]
2023-12-08T12:50:21.294+05:45  INFO 6960 --- [Web Socket Application] [main] o.a.c.c.C.[Tomcat].[localhost].[/]       : Initializing Spring embedded WebApplicationContext
2023-12-08T12:50:21.295+05:45  INFO 6960 --- [Web Socket Application] [main] w.s.c.ServletWebServerApplicationContext : Root WebApplicationContext: initialization completed in 4810 ms
2023-12-08T12:50:22.860+05:45  INFO 6960 --- [Web Socket Application] [main] o.s.o.j.p.SpringPersistenceUnitInfo      : No LoadTimeWeaver setup: ignoring JPA class transformer
2023-12-08T12:50:22.936+05:45  INFO 6960 --- [Web Socket Application] [main] com.zaxxer.hikari.HikariDataSource       : HikariPool-1 - Starting...
2023-12-08T12:50:23.551+05:45  INFO 6960 --- [Web Socket Application] [main] com.zaxxer.hikari.pool.HikariPool        : HikariPool-1 - Added connection org.postgresql.jdbc.PgConnection@6e5f5478
2023-12-08T12:50:23.555+05:45  INFO 6960 --- [Web Socket Application] [main] com.zaxxer.hikari.HikariDataSource       : HikariPool-1 - Start completed.
2023-12-08T12:50:26.811+05:45  INFO 6960 --- [Web Socket Application] [main] j.LocalContainerEntityManagerFactoryBean : Initialized JPA EntityManagerFactory for persistence unit 'default'
2023-12-08T12:50:27.725+05:45 DEBUG 6960 --- [Web Socket Application] [main] o.s.w.s.s.s.WebSocketHandlerMapping      : Patterns [/bishal] in 'webSocketHandlerMapping'
2023-12-08T12:50:27.827+05:45  WARN 6960 --- [Web Socket Application] [main] JpaBaseConfiguration$JpaWebConfiguration : spring.jpa.open-in-view is enabled by default. Therefore, database queries may be performed during view rendering. Explicitly configure spring.jpa.open-in-view to disable this warning
2023-12-08T12:50:28.193+05:45 DEBUG 6960 --- [Web Socket Application] [main] s.w.s.m.m.a.RequestMappingHandlerMapping : 3 mappings in 'requestMappingHandlerMapping'
2023-12-08T12:50:28.463+05:45 DEBUG 6960 --- [Web Socket Application] [main] o.s.w.s.handler.SimpleUrlHandlerMapping  : Patterns [/webjars/**, /**] in 'resourceHandlerMapping'
2023-12-08T12:50:28.560+05:45 DEBUG 6960 --- [Web Socket Application] [main] s.w.s.m.m.a.RequestMappingHandlerAdapter : ControllerAdvice beans: 0 @ModelAttribute, 0 @InitBinder, 1 RequestBodyAdvice, 1 ResponseBodyAdvice
2023-12-08T12:50:28.675+05:45 DEBUG 6960 --- [Web Socket Application] [main] .m.m.a.ExceptionHandlerExceptionResolver : ControllerAdvice beans: 0 @ExceptionHandler, 1 ResponseBodyAdvice
2023-12-08T12:50:29.211+05:45  INFO 6960 --- [Web Socket Application] [main] o.s.b.w.embedded.tomcat.TomcatWebServer  : Tomcat started on port 8080 (http) with context path ''
2023-12-08T12:50:29.238+05:45  INFO 6960 --- [Web Socket Application] [main] c.w.websocket.WebsocketApplication       : Started WebsocketApplication in 14.638 seconds (process running for 19.202)
2023-12-08T12:50:37.094+05:45  INFO 6960 --- [Web Socket Application] [http-nio-8080-exec-1] o.a.c.c.C.[Tomcat].[localhost].[/]       : Initializing Spring DispatcherServlet 'dispatcherServlet'
2023-12-08T12:50:37.097+05:45  INFO 6960 --- [Web Socket Application] [http-nio-8080-exec-1] o.s.web.servlet.DispatcherServlet        : Initializing Servlet 'dispatcherServlet'
2023-12-08T12:50:37.159+05:45 DEBUG 6960 --- [Web Socket Application] [http-nio-8080-exec-1] o.s.web.servlet.DispatcherServlet        : Detected StandardServletMultipartResolver
2023-12-08T12:50:37.160+05:45 DEBUG 6960 --- [Web Socket Application] [http-nio-8080-exec-1] o.s.web.servlet.DispatcherServlet        : Detected AcceptHeaderLocaleResolver
2023-12-08T12:50:37.161+05:45 DEBUG 6960 --- [Web Socket Application] [http-nio-8080-exec-1] o.s.web.servlet.DispatcherServlet        : Detected FixedThemeResolver
2023-12-08T12:50:37.167+05:45 DEBUG 6960 --- [Web Socket Application] [http-nio-8080-exec-1] o.s.web.servlet.DispatcherServlet        : Detected org.springframework.web.servlet.view.DefaultRequestToViewNameTranslator@5d957cf0
2023-12-08T12:50:37.171+05:45 DEBUG 6960 --- [Web Socket Application] [http-nio-8080-exec-1] o.s.web.servlet.DispatcherServlet        : Detected org.springframework.web.servlet.support.SessionFlashMapManager@4e3d36c2
2023-12-08T12:50:37.175+05:45 DEBUG 6960 --- [Web Socket Application] [http-nio-8080-exec-1] o.s.web.servlet.DispatcherServlet        : enableLoggingRequestDetails='false': request parameters and headers will be masked to prevent unsafe logging of potentially sensitive data
2023-12-08T12:50:37.177+05:45  INFO 6960 --- [Web Socket Application] [http-nio-8080-exec-1] o.s.web.servlet.DispatcherServlet        : Completed initialization in 17 ms
2023-12-08T12:50:37.228+05:45 DEBUG 6960 --- [Web Socket Application] [http-nio-8080-exec-1] o.s.web.servlet.DispatcherServlet        : GET "/api/sensor", parameters={}
2023-12-08T12:50:37.292+05:45 DEBUG 6960 --- [Web Socket Application] [http-nio-8080-exec-1] s.w.s.m.m.a.RequestMappingHandlerMapping : Mapped to com.websocketL.websocket.resource.SensorResource#getSensors()
2023-12-08T12:50:37.856+05:45 DEBUG 6960 --- [Web Socket Application] [http-nio-8080-exec-1] m.m.a.RequestResponseBodyMethodProcessor : Using 'application/json;q=0.8', given [text/html, application/xhtml+xml, image/avif, image/webp, image/apng, application/xml;q=0.9, */*;q=0.8] and supported [application/json]
2023-12-08T12:50:37.892+05:45 DEBUG 6960 --- [Web Socket Application] [http-nio-8080-exec-1] m.m.a.RequestResponseBodyMethodProcessor : Writing [[]]
2023-12-08T12:50:37.937+05:45 DEBUG 6960 --- [Web Socket Application] [http-nio-8080-exec-1] o.s.web.servlet.DispatcherServlet        : Completed 200 OK
2023-12-08T14:40:02.631+05:45  INFO 5088 --- [Web Socket Application] [main] c.w.websocket.WebsocketApplication       : Starting WebsocketApplication using Java 17.0.8.1 with PID 5088 (D:\CODE\JAVA\SPRING BOOT\websocket\target\classes started by iambstha in D:\CODE\JAVA\SPRING BOOT\websocket)
2023-12-08T14:40:02.637+05:45  INFO 5088 --- [Web Socket Application] [main] c.w.websocket.WebsocketApplication       : No active profile set, falling back to 1 default profile: "default"
2023-12-08T14:40:05.514+05:45  INFO 5088 --- [Web Socket Application] [main] .s.d.r.c.RepositoryConfigurationDelegate : Multiple Spring Data modules found, entering strict repository configuration mode
2023-12-08T14:40:05.518+05:45  INFO 5088 --- [Web Socket Application] [main] .s.d.r.c.RepositoryConfigurationDelegate : Bootstrapping Spring Data JDBC repositories in DEFAULT mode.
2023-12-08T14:40:05.632+05:45  INFO 5088 --- [Web Socket Application] [main] .RepositoryConfigurationExtensionSupport : Spring Data JDBC - Could not safely identify store assignment for repository candidate interface com.websocketL.websocket.repository.WebSocketRepository; If you want this repository to be a JDBC repository, consider annotating your entities with one of these annotations: org.springframework.data.relational.core.mapping.Table.
2023-12-08T14:40:05.634+05:45  INFO 5088 --- [Web Socket Application] [main] .s.d.r.c.RepositoryConfigurationDelegate : Finished Spring Data repository scanning in 98 ms. Found 0 JDBC repository interfaces.
2023-12-08T14:40:05.673+05:45  INFO 5088 --- [Web Socket Application] [main] .s.d.r.c.RepositoryConfigurationDelegate : Multiple Spring Data modules found, entering strict repository configuration mode
2023-12-08T14:40:05.675+05:45  INFO 5088 --- [Web Socket Application] [main] .s.d.r.c.RepositoryConfigurationDelegate : Bootstrapping Spring Data JPA repositories in DEFAULT mode.
2023-12-08T14:40:05.807+05:45  INFO 5088 --- [Web Socket Application] [main] .s.d.r.c.RepositoryConfigurationDelegate : Finished Spring Data repository scanning in 115 ms. Found 1 JPA repository interface.
2023-12-08T14:40:08.281+05:45  INFO 5088 --- [Web Socket Application] [main] o.s.b.w.embedded.tomcat.TomcatWebServer  : Tomcat initialized with port 8080 (http)
2023-12-08T14:40:08.309+05:45  INFO 5088 --- [Web Socket Application] [main] o.apache.catalina.core.StandardService   : Starting service [Tomcat]
2023-12-08T14:40:08.310+05:45  INFO 5088 --- [Web Socket Application] [main] o.apache.catalina.core.StandardEngine    : Starting Servlet engine: [Apache Tomcat/10.1.16]
2023-12-08T14:40:08.644+05:45  INFO 5088 --- [Web Socket Application] [main] o.a.c.c.C.[Tomcat].[localhost].[/]       : Initializing Spring embedded WebApplicationContext
2023-12-08T14:40:08.646+05:45  INFO 5088 --- [Web Socket Application] [main] w.s.c.ServletWebServerApplicationContext : Root WebApplicationContext: initialization completed in 5851 ms
